# JRE version: OpenJDK Runtime Environment Temurin-21.0.12+8 (21.0.12+8) (build 21.0.12+8-LTS)
# Java VM: OpenJDK 64-Bit Server VM Temurin-21.0.12+8 (21.0.12+8-LTS, mixed mode, sharing, tiered, compressed oops, compressed class ptrs, parallel gc, linux-amd64)
GC Precious Log:
 CardTable entry size: 512
 CPUs: 2 total, 2 available
 Memory: 2048M
 Large Page Support: Disabled
 NUMA Support: Disabled
 Compressed Oops: Enabled (Zero based)
 Alignments: Space 512K, Generation 512K, Heap 2M
 Heap Min Capacity: 8M
 Heap Initial Capacity: 32M
 Heap Max Capacity: 6G
 Pre-touch: Disabled
 Parallel Workers: 2
Heap:
 PSYoungGen      total 922112K, used 45559K [0x0000000780000000, 0x00000007bb580000, 0x0000000800000000)
  eden space 876544K, 0% used [0x0000000780000000,0x0000000780000000,0x00000007b5800000)
  from space 45568K, 99% used [0x00000007b5800000,0x00000007b847dd08,0x00000007b8480000)
  to   space 40960K, 0% used [0x00000007b8480000,0x00000007b8480000,0x00000007bac80000)
 ParOldGen       total 215040K, used 214950K [0x0000000680000000, 0x000000068d200000, 0x0000000780000000)
  object space 215040K, 99% used [0x0000000680000000,0x000000068d1e9b50,0x000000068d200000)
 Metaspace       used 45071K, committed 46656K, reserved 917504K
  class space    used 6175K, committed 6976K, reserved 851968K
GC Heap History (20 events):
Event: 9.106 GC heap after
{Heap after GC invocations=13 (full 2):
 PSYoungGen      total 145408K, used 5299K [0x0000000780000000, 0x000000078bf00000, 0x0000000800000000)
  eden space 138240K, 0% used [0x0000000780000000,0x0000000780000000,0x0000000788700000)
  from space 7168K, 73% used [0x0000000788700000,0x0000000788c2ce98,0x0000000788e00000)
  to   space 7680K, 0% used [0x000000078b780000,0x000000078b780000,0x000000078bf00000)
 ParOldGen       total 30720K, used 30360K [0x0000000680000000, 0x0000000681e00000, 0x0000000780000000)
  object space 30720K, 98% used [0x0000000680000000,0x0000000681da6090,0x0000000681e00000)
 Metaspace       used 42696K, committed 44352K, reserved 917504K
  class space    used 5960K, committed 6784K, reserved 851968K
}
Event: 9.727 GC heap before
{Heap before GC invocations=14 (full 2):
 PSYoungGen      total 145408K, used 143539K [0x0000000780000000, 0x000000078bf00000, 0x0000000800000000)
  eden space 138240K, 100% used [0x0000000780000000,0x0000000788700000,0x0000000788700000)
  from space 7168K, 73% used [0x0000000788700000,0x0000000788c2ce98,0x0000000788e00000)
  to   space 7680K, 0% used [0x000000078b780000,0x000000078b780000,0x000000078bf00000)
 ParOldGen       total 30720K, used 30360K [0x0000000680000000, 0x0000000681e00000, 0x0000000780000000)
  object space 30720K, 98% used [0x0000000680000000,0x0000000681da6090,0x0000000681e00000)
 Metaspace       used 42724K, committed 44352K, reserved 917504K
  class space    used 5960K, committed 6784K, reserved 851968K
}
Event: 9.740 GC heap after
{Heap after GC invocations=14 (full 2):
 PSYoungGen      total 187392K, used 7454K [0x0000000780000000, 0x000000078e800000, 0x0000000800000000)
  eden space 179712K, 0% used [0x0000000780000000,0x0000000780000000,0x000000078af80000)
  from space 7680K, 97% used [0x000000078b780000,0x000000078bec7a70,0x000000078bf00000)
  to   space 8192K, 0% used [0x000000078af80000,0x000000078af80000,0x000000078b780000)
 ParOldGen       total 34816K, used 34742K [0x0000000680000000, 0x0000000682200000, 0x0000000780000000)
  object space 34816K, 99% used [0x0000000680000000,0x00000006821ed860,0x0000000682200000)
 Metaspace       used 42724K, committed 44352K, reserved 917504K
  class space    used 5960K, committed 6784K, reserved 851968K
}
Event: 10.812 GC heap before
{Heap before GC invocations=15 (full 2):
 PSYoungGen      total 187392K, used 187166K [0x0000000780000000, 0x000000078e800000, 0x0000000800000000)
  eden space 179712K, 100% used [0x0000000780000000,0x000000078af80000,0x000000078af80000)
  from space 7680K, 97% used [0x000000078b780000,0x000000078bec7a70,0x000000078bf00000)
  to   space 8192K, 0% used [0x000000078af80000,0x000000078af80000,0x000000078b780000)
 ParOldGen       total 34816K, used 34742K [0x0000000680000000, 0x0000000682200000, 0x0000000780000000)
  object space 34816K, 99% used [0x0000000680000000,0x00000006821ed860,0x0000000682200000)
 Metaspace       used 42886K, committed 44480K, reserved 917504K
  class space    used 5960K, committed 6784K, reserved 851968K
}
Event: 10.835 GC heap after
{Heap after GC invocations=15 (full 2):
 PSYoungGen      total 187904K, used 8165K [0x0000000780000000, 0x0000000793200000, 0x0000000800000000)
  eden space 179712K, 0% used [0x0000000780000000,0x0000000780000000,0x000000078af80000)
  from space 8192K, 99% used [0x000000078af80000,0x000000078b779708,0x000000078b780000)
  to   space 12800K, 0% used [0x0000000792580000,0x0000000792580000,0x0000000793200000)
 ParOldGen       total 44544K, used 44162K [0x0000000680000000, 0x0000000682b80000, 0x0000000780000000)
  object space 44544K, 99% used [0x0000000680000000,0x0000000682b20a58,0x0000000682b80000)
 Metaspace       used 42886K, committed 44480K, reserved 917504K
  class space    used 5960K, committed 6784K, reserved 851968K
}
Event: 12.216 GC heap before
{Heap before GC invocations=16 (full 2):
 PSYoungGen      total 187904K, used 187877K [0x0000000780000000, 0x0000000793200000, 0x0000000800000000)
  eden space 179712K, 100% used [0x0000000780000000,0x000000078af80000,0x000000078af80000)
  from space 8192K, 99% used [0x000000078af80000,0x000000078b779708,0x000000078b780000)
  to   space 12800K, 0% used [0x0000000792580000,0x0000000792580000,0x0000000793200000)
 ParOldGen       total 44544K, used 44162K [0x0000000680000000, 0x0000000682b80000, 0x0000000780000000)
  object space 44544K, 99% used [0x0000000680000000,0x0000000682b20a58,0x0000000682b80000)
 Metaspace       used 42997K, committed 44608K, reserved 917504K
  class space    used 5968K, committed 6784K, reserved 851968K
}
Event: 12.301 GC heap after
{Heap after GC invocations=16 (full 2):
 PSYoungGen      total 299520K, used 10536K [0x0000000780000000, 0x0000000793400000, 0x0000000800000000)
  eden space 286720K, 0% used [0x0000000780000000,0x0000000780000000,0x0000000791800000)
  from space 12800K, 82% used [0x0000000792580000,0x0000000792fca228,0x0000000793200000)
  to   space 13824K, 0% used [0x0000000791800000,0x0000000791800000,0x0000000792580000)
 ParOldGen       total 52224K, used 52161K [0x0000000680000000, 0x0000000683300000, 0x0000000780000000)
  object space 52224K, 99% used [0x0000000680000000,0x00000006832f0498,0x0000000683300000)
 Metaspace       used 42997K, committed 44608K, reserved 917504K
  class space    used 5968K, committed 6784K, reserved 851968K
}
Event: 14.299 GC heap before
{Heap before GC invocations=17 (full 2):
 PSYoungGen      total 299520K, used 297256K [0x0000000780000000, 0x0000000793400000, 0x0000000800000000)
  eden space 286720K, 100% used [0x0000000780000000,0x0000000791800000,0x0000000791800000)
  from space 12800K, 82% used [0x0000000792580000,0x0000000792fca228,0x0000000793200000)
  to   space 13824K, 0% used [0x0000000791800000,0x0000000791800000,0x0000000792580000)
 ParOldGen       total 52224K, used 52161K [0x0000000680000000, 0x0000000683300000, 0x0000000780000000)
  object space 52224K, 99% used [0x0000000680000000,0x00000006832f0498,0x0000000683300000)
 Metaspace       used 43017K, committed 44608K, reserved 917504K
  class space    used 5968K, committed 6784K, reserved 851968K
}
Event: 14.325 GC heap after
{Heap after GC invocations=17 (full 2):
 PSYoungGen      total 300544K, used 13098K [0x0000000780000000, 0x000000079de00000, 0x0000000800000000)
  eden space 286720K, 0% used [0x0000000780000000,0x0000000780000000,0x0000000791800000)
  from space 13824K, 94% used [0x0000000791800000,0x00000007924ca800,0x0000000792580000)
  to   space 15360K, 0% used [0x000000079cf00000,0x000000079cf00000,0x000000079de00000)
 ParOldGen       total 62976K, used 62573K [0x0000000680000000, 0x0000000683d80000, 0x0000000780000000)
  object space 62976K, 99% used [0x0000000680000000,0x0000000683d1b590,0x0000000683d80000)
 Metaspace       used 43017K, committed 44608K, reserved 917504K
  class space    used 5968K, committed 6784K, reserved 851968K
}
Event: 15.608 GC heap before
{Heap before GC invocations=18 (full 2):
 PSYoungGen      total 300544K, used 299818K [0x0000000780000000, 0x000000079de00000, 0x0000000800000000)
  eden space 286720K, 100% used [0x0000000780000000,0x0000000791800000,0x0000000791800000)
  from space 13824K, 94% used [0x0000000791800000,0x00000007924ca800,0x0000000792580000)
  to   space 15360K, 0% used [0x000000079cf00000,0x000000079cf00000,0x000000079de00000)
 ParOldGen       total 62976K, used 62573K [0x0000000680000000, 0x0000000683d80000, 0x0000000780000000)
  object space 62976K, 99% used [0x0000000680000000,0x0000000683d1b590,0x0000000683d80000)
 Metaspace       used 43041K, committed 44672K, reserved 917504K
  class space    used 5968K, committed 6784K, reserved 851968K
}
Event: 15.707 GC heap after
{Heap after GC invocations=18 (full 2):
 PSYoungGen      total 466432K, used 15346K [0x0000000780000000, 0x000000079ed00000, 0x0000000800000000)
  eden space 451072K, 0% used [0x0000000780000000,0x0000000780000000,0x000000079b880000)
  from space 15360K, 99% used [0x000000079cf00000,0x000000079ddfcb88,0x000000079de00000)
  to   space 23040K, 0% used [0x000000079b880000,0x000000079b880000,0x000000079cf00000)
 ParOldGen       total 76800K, used 76616K [0x0000000680000000, 0x0000000684b00000, 0x0000000780000000)
  object space 76800K, 99% used [0x0000000680000000,0x0000000684ad20f0,0x0000000684b00000)
 Metaspace       used 43041K, committed 44672K, reserved 917504K
  class space    used 5968K, committed 6784K, reserved 851968K
}
Event: 17.795 GC heap before
{Heap before GC invocations=19 (full 2):
 PSYoungGen      total 466432K, used 466418K [0x0000000780000000, 0x000000079ed00000, 0x0000000800000000)
  eden space 451072K, 100% used [0x0000000780000000,0x000000079b880000,0x000000079b880000)
  from space 15360K, 99% used [0x000000079cf00000,0x000000079ddfcb88,0x000000079de00000)
  to   space 23040K, 0% used [0x000000079b880000,0x000000079b880000,0x000000079cf00000)
 ParOldGen       total 76800K, used 76616K [0x0000000680000000, 0x0000000684b00000, 0x0000000780000000)
  object space 76800K, 99% used [0x0000000680000000,0x0000000684ad20f0,0x0000000684b00000)
 Metaspace       used 43051K, committed 44672K, reserved 917504K
  class space    used 5968K, committed 6784K, reserved 851968K
}
Event: 17.821 GC heap after
{Heap after GC invocations=19 (full 2):
 PSYoungGen      total 474112K, used 21090K [0x0000000780000000, 0x00000007a9c00000, 0x0000000800000000)
  eden space 451072K, 0% used [0x0000000780000000,0x0000000780000000,0x000000079b880000)
  from space 23040K, 91% used [0x000000079b880000,0x000000079cd18a20,0x000000079cf00000)
  to   space 26112K, 0% used [0x00000007a8280000,0x00000007a8280000,0x00000007a9c00000)
 ParOldGen       total 92160K, used 91780K [0x0000000680000000, 0x0000000685a00000, 0x0000000780000000)
  object space 92160K, 99% used [0x0000000680000000,0x00000006859a1318,0x0000000685a00000)
 Metaspace       used 43051K, committed 44672K, reserved 917504K
  class space    used 5968K, committed 6784K, reserved 851968K
}
Event: 19.419 GC heap before
{Heap before GC invocations=20 (full 2):
 PSYoungGen      total 474112K, used 472162K [0x0000000780000000, 0x00000007a9c00000, 0x0000000800000000)
  eden space 451072K, 100% used [0x0000000780000000,0x000000079b880000,0x000000079b880000)
  from space 23040K, 91% used [0x000000079b880000,0x000000079cd18a20,0x000000079cf00000)
  to   space 26112K, 0% used [0x00000007a8280000,0x00000007a8280000,0x00000007a9c00000)
 ParOldGen       total 92160K, used 91780K [0x0000000680000000, 0x0000000685a00000, 0x0000000780000000)
  object space 92160K, 99% used [0x0000000680000000,0x00000006859a1318,0x0000000685a00000)
 Metaspace       used 43071K, committed 44672K, reserved 917504K
  class space    used 5968K, committed 6784K, reserved 851968K
}
Event: 19.515 GC heap after
{Heap after GC invocations=20 (full 2):
 PSYoungGen      total 655360K, used 21626K [0x0000000780000000, 0x00000007aa100000, 0x0000000800000000)
  eden space 629248K, 0% used [0x0000000780000000,0x0000000780000000,0x00000007a6680000)
  from space 26112K, 82% used [0x00000007a8280000,0x00000007a979e9c0,0x00000007a9c00000)
  to   space 28672K, 0% used [0x00000007a6680000,0x00000007a6680000,0x00000007a8280000)
 ParOldGen       total 113152K, used 112786K [0x0000000680000000, 0x0000000686e80000, 0x0000000780000000)
  object space 113152K, 99% used [0x0000000680000000,0x0000000686e249c8,0x0000000686e80000)
 Metaspace       used 43071K, committed 44672K, reserved 917504K
  class space    used 5968K, committed 6784K, reserved 851968K
}
Event: 21.197 GC heap before
{Heap before GC invocations=21 (full 2):
 PSYoungGen      total 655360K, used 650874K [0x0000000780000000, 0x00000007aa100000, 0x0000000800000000)
  eden space 629248K, 100% used [0x0000000780000000,0x00000007a6680000,0x00000007a6680000)
  from space 26112K, 82% used [0x00000007a8280000,0x00000007a979e9c0,0x00000007a9c00000)
  to   space 28672K, 0% used [0x00000007a6680000,0x00000007a6680000,0x00000007a8280000)
 ParOldGen       total 113152K, used 112786K [0x0000000680000000, 0x0000000686e80000, 0x0000000780000000)
  object space 113152K, 99% used [0x0000000680000000,0x0000000686e249c8,0x0000000686e80000)
 Metaspace       used 43115K, committed 44736K, reserved 917504K
  class space    used 5968K, committed 6784K, reserved 851968K
}
Event: 21.231 GC heap after
{Heap after GC invocations=21 (full 2):
 PSYoungGen      total 657920K, used 28641K [0x0000000780000000, 0x00000007bac80000, 0x0000000800000000)
  eden space 629248K, 0% used [0x0000000780000000,0x0000000780000000,0x00000007a6680000)
  from space 28672K, 99% used [0x00000007a6680000,0x00000007a82786b8,0x00000007a8280000)
  to   space 40960K, 0% used [0x00000007b8480000,0x00000007b8480000,0x00000007bac80000)
 ParOldGen       total 134656K, used 134278K [0x0000000680000000, 0x0000000688380000, 0x0000000780000000)
  object space 134656K, 99% used [0x0000000680000000,0x0000000688321af8,0x0000000688380000)
 Metaspace       used 43115K, committed 44736K, reserved 917504K
  class space    used 5968K, committed 6784K, reserved 851968K
}
Event: 22.812 GC heap before
{Heap before GC invocations=22 (full 2):
 PSYoungGen      total 657920K, used 657889K [0x0000000780000000, 0x00000007bac80000, 0x0000000800000000)
  eden space 629248K, 100% used [0x0000000780000000,0x00000007a6680000,0x00000007a6680000)
  from space 28672K, 99% used [0x00000007a6680000,0x00000007a82786b8,0x00000007a8280000)
  to   space 40960K, 0% used [0x00000007b8480000,0x00000007b8480000,0x00000007bac80000)
 ParOldGen       total 134656K, used 134278K [0x0000000680000000, 0x0000000688380000, 0x0000000780000000)
  object space 134656K, 99% used [0x0000000680000000,0x0000000688321af8,0x0000000688380000)
 Metaspace       used 43143K, committed 44800K, reserved 917504K
  class space    used 5969K, committed 6784K, reserved 851968K
}
Event: 22.906 GC heap after
{Heap after GC invocations=22 (full 2):
 PSYoungGen      total 917504K, used 33947K [0x0000000780000000, 0x00000007bb580000, 0x0000000800000000)
  eden space 876544K, 0% used [0x0000000780000000,0x0000000780000000,0x00000007b5800000)
  from space 40960K, 82% used [0x00000007b8480000,0x00000007ba5a6ef0,0x00000007bac80000)
  to   space 45568K, 0% used [0x00000007b5800000,0x00000007b5800000,0x00000007b8480000)
 ParOldGen       total 162816K, used 162698K [0x0000000680000000, 0x0000000689f00000, 0x0000000780000000)
  object space 162816K, 99% used [0x0000000680000000,0x0000000689ee2bf0,0x0000000689f00000)
 Metaspace       used 43143K, committed 44800K, reserved 917504K
  class space    used 5969K, committed 6784K, reserved 851968K
}
Event: 27.525 GC heap before
{Heap before GC invocations=23 (full 2):
 PSYoungGen      total 917504K, used 910491K [0x0000000780000000, 0x00000007bb580000, 0x0000000800000000)
  eden space 876544K, 100% used [0x0000000780000000,0x00000007b5800000,0x00000007b5800000)
  from space 40960K, 82% used [0x00000007b8480000,0x00000007ba5a6ef0,0x00000007bac80000)
  to   space 45568K, 0% used [0x00000007b5800000,0x00000007b5800000,0x00000007b8480000)
 ParOldGen       total 162816K, used 162698K [0x0000000680000000, 0x0000000689f00000, 0x0000000780000000)
  object space 162816K, 99% used [0x0000000680000000,0x0000000689ee2bf0,0x0000000689f00000)
 Metaspace       used 45071K, committed 46656K, reserved 917504K
  class space    used 6175K, committed 6976K, reserved 851968K
}

